<?xml version="1.0" encoding="UTF-8"?>
<!-- Generated by org.testng.reporters.JUnitXMLReporter -->
<testsuite hostname="LAPTOP-43CROFND" ignored="0" name="EmployeeRestAPITest" tests="9" failures="0" timestamp="2020-03-26T19:55:05 IST" time="3.546" errors="0">
  <testcase name="checkContentEncoding" time="0.016" classname="com.employeeapi.testCases.TC001_GET_All_Employees"/>
  <testcase name="checkContentType" time="0.019" classname="com.employeeapi.testCases.TC001_GET_All_Employees"/>
  <testcase name="checkContentlength" time="0.009" classname="com.employeeapi.testCases.TC001_GET_All_Employees"/>
  <testcase name="checkCookies" time="0.018" classname="com.employeeapi.testCases.TC001_GET_All_Employees"/>
  <testcase name="checkResponseBody" time="0.089" classname="com.employeeapi.testCases.TC001_GET_All_Employees"/>
  <testcase name="checkResponseTime" time="0.003" classname="com.employeeapi.testCases.TC001_GET_All_Employees"/>
  <testcase name="checkServerType" time="0.003" classname="com.employeeapi.testCases.TC001_GET_All_Employees"/>
  <testcase name="checkStatusCode" time="0.004" classname="com.employeeapi.testCases.TC001_GET_All_Employees"/>
  <testcase name="checkStatusLine" time="0.003" classname="com.employeeapi.testCases.TC001_GET_All_Employees"/>
</testsuite> <!-- EmployeeRestAPITest -->
